C51 COMPILER V9.01   ZHONGDUAN                                                             11/01/2016 13:16:30 PAGE 1   


C51 COMPILER V9.01, COMPILATION OF MODULE ZHONGDUAN
OBJECT MODULE PLACED IN zhongduan.OBJ
COMPILER INVOKED BY: C:\Keil\C51\BIN\C51.EXE zhongduan.c BROWSE DEBUG OBJECTEXTEND

line level    source

   1          #include <reg51.h>
   2          
   3          
   4          void main()
   5          {
   6   1      
   7   1       EA=1;
   8   1       EX0=1;
   9   1       IT0=1;
  10   1      
  11   1       while(1)
  12   1       {
  13   2       
  14   2       
  15   2       }
  16   1      }
  17          
  18          void int0_srv(void)interrupt 0
  19          {
  20   1       P1=~P1;
  21   1      }


MODULE INFORMATION:   STATIC OVERLAYABLE
   CODE SIZE        =     12    ----
   CONSTANT SIZE    =   ----    ----
   XDATA SIZE       =   ----    ----
   PDATA SIZE       =   ----    ----
   DATA SIZE        =   ----    ----
   IDATA SIZE       =   ----    ----
   BIT SIZE         =   ----    ----
END OF MODULE INFORMATION.


C51 COMPILATION COMPLETE.  0 WARNING(S),  0 ERROR(S)
